Copyright 1986-2018 Xilinx, Inc. All Rights Reserved.
----------------------------------------------------------------------------------------
| Tool Version : Vivado v.2018.2 (win64) Build 2258646 Thu Jun 14 20:03:12 MDT 2018
| Date         : Mon Mar 18 09:12:38 2024
| Host         : DESKTOP-CDQO724 running 64-bit major release  (build 9200)
| Command      : report_control_sets -verbose -file Top_Student_control_sets_placed.rpt
| Design       : Top_Student
| Device       : xc7a35t
----------------------------------------------------------------------------------------

Control Set Information

Table of Contents
-----------------
1. Summary
2. Histogram
3. Flip-Flop Distribution
4. Detailed Control Set Information

1. Summary
----------

+----------------------------------------------------------+-------+
|                          Status                          | Count |
+----------------------------------------------------------+-------+
| Number of unique control sets                            |    94 |
| Unused register locations in slices containing registers |   154 |
+----------------------------------------------------------+-------+


2. Histogram
------------

+--------+--------------+
| Fanout | Control Sets |
+--------+--------------+
|      2 |            2 |
|      4 |            1 |
|      6 |            2 |
|      8 |           11 |
|     10 |            6 |
|     12 |            3 |
|     14 |            3 |
|    16+ |           66 |
+--------+--------------+


3. Flip-Flop Distribution
-------------------------

+--------------+-----------------------+------------------------+-----------------+--------------+
| Clock Enable | Synchronous Set/Reset | Asynchronous Set/Reset | Total Registers | Total Slices |
+--------------+-----------------------+------------------------+-----------------+--------------+
| No           | No                    | No                     |             538 |          133 |
| No           | No                    | Yes                    |            2204 |          298 |
| No           | Yes                   | No                     |             774 |          116 |
| Yes          | No                    | No                     |             264 |           44 |
| Yes          | No                    | Yes                    |             106 |           19 |
| Yes          | Yes                   | No                     |            1104 |          202 |
+--------------+-----------------------+------------------------+-----------------+--------------+


4. Detailed Control Set Information
-----------------------------------

+--------------------------------------------+-----------------------------------------------------------+-----------------------------------------------------------+------------------+----------------+
|                Clock Signal                |                       Enable Signal                       |                      Set/Reset Signal                     | Slice Load Count | Bel Load Count |
+--------------------------------------------+-----------------------------------------------------------+-----------------------------------------------------------+------------------+----------------+
|  clk10k_BUFG                               | BASIC_TASK_D/FSM_onehot_STATE_INT_reg_n_0_[0]             | BASIC_TASK_D/FSM_onehot_STATE_INT_reg_n_0_[5]             |                1 |              2 |
| ~clk6p25m_BUFG                             |                                                           |                                                           |                1 |              2 |
|  GROUP_BASIC_TASK_E/CLK_1K_OUT             |                                                           |                                                           |                1 |              4 |
|  unit_mouse/state0                         |                                                           |                                                           |                2 |              6 |
|  clk_25                                    |                                                           | unit_paint/nn_inst/nn_rst                                 |                2 |              6 |
|  clk_25                                    | unit_paint/nn_inst/nn1/FSM_sequential_state[1]_i_1_n_0    | unit_paint/nn_inst/nn_algo_rst                            |                4 |              8 |
|  unit_paint/clk_s                          |                                                           |                                                           |                2 |              8 |
|  clk10k_BUFG                               |                                                           | GROUP_BASIC_TASK_E/AN_OUT[3]_i_1_n_0                      |                1 |              8 |
|  clk10k_BUFG                               | BASIC_TASK_D/x_max[5]_i_1_n_0                             | BASIC_TASK_D/x_min[5]_i_1_n_0                             |                1 |              8 |
|  clk10k_BUFG                               | BASIC_TASK_D/x_max                                        | BASIC_TASK_D/x_min[7]_i_1_n_0                             |                2 |              8 |
|  clk10k_BUFG                               | BASIC_TASK_D/x_min                                        | BASIC_TASK_D/x_min[7]_i_1_n_0                             |                2 |              8 |
|  clk10k_BUFG                               | BASIC_TASK_D/x_min[5]_i_2_n_0                             | BASIC_TASK_D/x_min[5]_i_1_n_0                             |                2 |              8 |
|  clk_25                                    | unit_paint/nn_inst/nn1/digit[3]_i_1_n_0                   | unit_paint/nn_inst/nn_algo_rst                            |                1 |              8 |
|  clk_IBUF_BUFG                             | unit_mouse/Inst_Ps2Interface/shift_frame                  | unit_mouse/Inst_Ps2Interface/reset_bit_count              |                1 |              8 |
|  clk_IBUF_BUFG                             |                                                           | unit_mouse/Inst_Ps2Interface/data_inter0                  |                1 |              8 |
|  clk_IBUF_BUFG                             |                                                           | unit_mouse/Inst_Ps2Interface/clk_inter0                   |                1 |              8 |
|  unit_paint/colour_chooser_reg[15]_i_2_n_0 |                                                           |                                                           |                2 |             10 |
|  clk10k_BUFG                               | GROUP_BASIC_TASK_E/SEG_1[6]_i_2_n_0                       | GROUP_BASIC_TASK_E/SEG_1[6]_i_1_n_0                       |                1 |             10 |
|  clk10k_BUFG                               | GROUP_BASIC_TASK_E/SEG_0[6]_i_2_n_0                       | GROUP_BASIC_TASK_E/SEG_0[6]_i_1_n_0                       |                2 |             10 |
|  clk10k_BUFG                               | BASIC_TASK_D/FSM_onehot_STATE_INT[5]_i_2_n_0              | BASIC_TASK_D/FSM_onehot_STATE_INT[5]_i_1_n_0              |                3 |             10 |
|  clk10k_BUFG                               | BASIC_TASK_D/y_min[5]_i_2_n_0                             | BASIC_TASK_D/y_min[5]_i_1_n_0                             |                2 |             10 |
|  clk10k_BUFG                               | BASIC_TASK_D/y_max[5]_i_1_n_0                             | BASIC_TASK_D/y_min[5]_i_1_n_0                             |                3 |             10 |
|  clk10k_BUFG                               |                                                           | BASIC_TASK_D/y_min[7]_i_1_n_0                             |                3 |             12 |
|  clk_IBUF_BUFG                             | unit_mouse/Inst_Ps2Interface/right_down_reg               |                                                           |                2 |             12 |
|  clk_25                                    | unit_paint/nn_inst/nn1/i[5]_i_1_n_0                       | unit_paint/nn_inst/nn_algo_rst                            |                3 |             12 |
|  clk_25                                    | unit_paint/nn_inst/nn1/addr_inter0                        | unit_paint/nn_inst/nn_algo_rst                            |                5 |             14 |
|  clk_IBUF_BUFG                             | unit_mouse/Inst_Ps2Interface/delay_63clk_count[6]_i_2_n_0 | unit_mouse/Inst_Ps2Interface/delay_63clk_count[6]_i_1_n_0 |                2 |             14 |
|  clk_25                                    | unit_paint/nn_inst/nn1/next_out_valid                     | unit_paint/nn_inst/nn_algo_rst                            |                3 |             14 |
|  clk10k_BUFG                               | sw_IBUF[5]                                                |                                                           |                4 |             16 |
|  clk_IBUF_BUFG                             | unit_mouse/write_data                                     |                                                           |                4 |             16 |
|  clk_IBUF_BUFG                             | unit_mouse/Inst_Ps2Interface/y_inc_reg[0]                 |                                                           |                3 |             16 |
|  clk25m_BUFG                               |                                                           |                                                           |                5 |             16 |
|  clk25m_BUFG                               |                                                           | BASIC_TASK_C/countC3[31]_i_1_n_0                          |                6 |             16 |
|  clk_IBUF_BUFG                             | unit_mouse/Inst_Ps2Interface/load_rx_data                 |                                                           |                2 |             16 |
|  clk_IBUF_BUFG                             | unit_mouse/Inst_Ps2Interface/x_inc_reg[0]                 |                                                           |                2 |             16 |
|  clk_IBUF_BUFG                             | unit_mouse/Inst_Ps2Interface/frame[9]_i_1_n_0             |                                                           |                2 |             20 |
|  clk_25                                    | unit_paint/nn_inst/nn1/j[9]_i_1_n_0                       | unit_paint/nn_inst/nn_algo_rst                            |                5 |             20 |
|  clk6p25m_BUFG                             |                                                           | unit_paint/h_cnt[9]_i_1_n_0                               |                4 |             20 |
|  clk_25                                    | unit_paint/nn_inst/nn1/addr_img0                          | unit_paint/nn_inst/nn_algo_rst                            |                3 |             20 |
|  clk_25                                    | unit_paint/nn_inst/nn1/digit_valid                        | unit_paint/nn_inst/nn_rst                                 |                4 |             20 |
|  clk_25                                    | unit_paint/nn_inst/imgw_valid_i_1_n_0                     | unit_paint/nn_inst/nn_rst                                 |                5 |             22 |
|  clk_IBUF_BUFG                             | unit_mouse/Inst_Ps2Interface/delay_20us_count[10]_i_2_n_0 | unit_mouse/Inst_Ps2Interface/delay_20us_count[10]_i_1_n_0 |                4 |             22 |
|  clk_IBUF_BUFG                             | unit_mouse/x_new_reg_n_0                                  |                                                           |                4 |             24 |
|  clk_IBUF_BUFG                             | unit_mouse/y_new_reg_n_0                                  |                                                           |                4 |             24 |
|  clk_IBUF_BUFG                             | unit_mouse/Inst_Ps2Interface/delay_100us_count[0]_i_2_n_0 | unit_mouse/Inst_Ps2Interface/clear                        |                4 |             28 |
|  clk_IBUF_BUFG                             |                                                           | unit_paint/nn_inst/nn_rst_i_1_n_0                         |                8 |             30 |
|  clk_IBUF_BUFG                             |                                                           | unit_paint/mouse_reset                                    |                8 |             32 |
|  clk_25                                    | unit_paint/nn_inst/nn1/addr_const[15]_i_1_n_0             | unit_paint/nn_inst/nn_algo_rst                            |               12 |             32 |
|  unit_mouse/left                           |                                                           |                                                           |                7 |             34 |
| ~clk6p25m_BUFG                             |                                                           | unit_oled/frame_counter[16]_i_1_n_0                       |                5 |             34 |
| ~clk6p25m_BUFG                             | unit_oled/delay[0]_i_1_n_0                                |                                                           |                5 |             40 |
|  clk6p25m_BUFG                             | BASIC_TASK_B/debouncer_timer[0]_i_2_n_0                   | BASIC_TASK_B/debouncer_timer                              |                6 |             42 |
|  clk_IBUF_BUFG                             |                                                           | unit_mouse/reset_timeout_cnt_reg_n_0                      |                6 |             48 |
|  clk6p25m_BUFG                             |                                                           |                                                           |               10 |             52 |
|  clk_IBUF_BUFG                             |                                                           | unit_mouse/reset_periodic_check_cnt__0                    |                7 |             52 |
|  clk_IBUF_BUFG                             |                                                           | CLK_1HZ/COUNT[0]_i_1__3_n_0                               |                8 |             64 |
|  clk_IBUF_BUFG                             |                                                           | CLK_6p25MHZ/COUNT[0]_i_1__1_n_0                           |                8 |             64 |
|  clk_IBUF_BUFG                             |                                                           | unit_paint/reset_count[31]_i_1_n_0                        |                9 |             64 |
|  clk25m_BUFG                               | BASIC_TASK_C/statusC4_reg_n_0                             | BASIC_TASK_C/countC3[31]_i_1_n_0                          |               11 |             64 |
|  clk6p25m_BUFG                             |                                                           | BASIC_TASK_B/sw0_previous_state_reg_inv_n_0               |                8 |             64 |
|  clk_IBUF_BUFG                             |                                                           | CLK_25MHZ/clear                                           |                8 |             64 |
| ~clk6p25m_BUFG                             | unit_oled/state                                           |                                                           |               12 |             64 |
|  clk25m_BUFG                               | BASIC_TASK_C/statusC6                                     | BASIC_TASK_C/countC3[31]_i_1_n_0                          |               12 |             64 |
|  clk25m_BUFG                               | BASIC_TASK_C/statusC8_reg_n_0                             | BASIC_TASK_C/delay_0p5_2[31]_i_1_n_0                      |                7 |             64 |
|  clk25m_BUFG                               | BASIC_TASK_C/E[0]                                         | BASIC_TASK_C/countC3[31]_i_1_n_0                          |                6 |             64 |
|  clk25m_BUFG                               | BASIC_TASK_C/statusC1                                     | BASIC_TASK_C/countC3[31]_i_1_n_0                          |                6 |             64 |
|  clk25m_BUFG                               | BASIC_TASK_C/statusC2                                     | BASIC_TASK_C/countC3[31]_i_1_n_0                          |                7 |             64 |
|  clk_IBUF_BUFG                             | unit_paint/nn_inst/ct_inst/nextDY                         | unit_paint/mouse_reset                                    |               10 |             64 |
|  clk_IBUF_BUFG                             | unit_paint/nn_inst/nn_rst_i_1_n_0                         | unit_paint/nn_inst/rst_counter                            |                8 |             64 |
|  clk25m_BUFG                               | BASIC_TASK_C/statusC7_reg_n_0                             | BASIC_TASK_C/countC3[31]_i_1_n_0                          |                8 |             64 |
|  clk_IBUF_BUFG                             |                                                           | CLK_10KHZ/COUNT[0]_i_1__2_n_0                             |                8 |             64 |
|  clk_IBUF_BUFG                             |                                                           | CLK_12p5MHZ/COUNT[0]_i_1__0_n_0                           |                8 |             64 |
|  clk25m_BUFG                               | BASIC_TASK_A/greenstage                                   | BASIC_TASK_A/debouncecount[31]_i_1_n_0                    |                9 |             66 |
|  clk_25                                    |                                                           |                                                           |               26 |             66 |
|  clk25m_BUFG                               | BASIC_TASK_A/greenstage                                   | BASIC_TASK_A/shapestage[1]_i_1_n_0                        |               12 |             72 |
|  clk10k_BUFG                               |                                                           |                                                           |               18 |             84 |
| ~clk6p25m_BUFG                             |                                                           | unit_oled/spi_word[39]_i_1_n_0                            |               17 |             90 |
|  clockMouse                                |                                                           | unit_mouse/pixel_data_reg[1][0]                           |               17 |            128 |
|  clockMouse                                |                                                           | unit_mouse/pixel_data_reg[193][2]                         |               16 |            128 |
|  clockMouse                                |                                                           | unit_mouse/pixel_data_reg[193][0]                         |               14 |            128 |
|  clockMouse                                |                                                           | unit_mouse/pixel_data_reg[257][2]                         |               16 |            128 |
|  clockMouse                                |                                                           | unit_mouse/pixel_data_reg[129][0]                         |               19 |            128 |
|  clockMouse                                |                                                           | unit_mouse/right                                          |               15 |            128 |
|  clockMouse                                |                                                           | unit_mouse/pixel_data_reg[33][2]                          |               22 |            128 |
|  clockMouse                                |                                                           | unit_mouse/pixel_data_reg[129][2]                         |               14 |            128 |
|  clockMouse                                |                                                           | unit_mouse/pixel_data_reg[65][1]                          |               18 |            128 |
|  clk_25                                    | unit_paint/nn_inst/nn1/val_out[63]_i_1_n_0                | unit_paint/nn_inst/nn_algo_rst                            |               44 |            128 |
|  clockMouse                                |                                                           | unit_mouse/pixel_data_reg[65][0]                          |               20 |            128 |
|  clockMouse                                |                                                           | unit_mouse/pixel_data_reg[65][2]                          |               20 |            128 |
|  clockMouse                                |                                                           | unit_mouse/pixel_data_reg[193][1]                         |               16 |            128 |
|  clockMouse                                |                                                           | unit_mouse/pixel_data_reg[129][1]                         |               15 |            128 |
|  clockMouse                                |                                                           | unit_mouse/pixel_data_reg[1][1]                           |               17 |            128 |
|  clk_IBUF_BUFG                             |                                                           |                                                           |               59 |            256 |
|  clockMouse                                |                                                           | unit_mouse/pixel_data_reg[257][0]                         |               49 |            374 |
+--------------------------------------------+-----------------------------------------------------------+-----------------------------------------------------------+------------------+----------------+


